{"level":"info","message":"Worker 3 (PID: 23739) is running on port 3000","timestamp":"2025-03-04T10:17:42.193Z"}
{"level":"info","message":"Worker 4 (PID: 23740) is running on port 3000","timestamp":"2025-03-04T10:17:42.212Z"}
{"level":"info","message":"Worker 6 (PID: 23742) is running on port 3000","timestamp":"2025-03-04T10:17:42.225Z"}
{"level":"info","message":"Worker 5 (PID: 23741) is running on port 3000","timestamp":"2025-03-04T10:17:42.227Z"}
{"level":"info","message":"Worker 2 (PID: 23738) is running on port 3000","timestamp":"2025-03-04T10:17:42.235Z"}
{"level":"info","message":"Worker 8 (PID: 23744) is running on port 3000","timestamp":"2025-03-04T10:17:42.235Z"}
{"level":"info","message":"Worker 1 (PID: 23737) is running on port 3000","timestamp":"2025-03-04T10:17:42.236Z"}
{"level":"info","message":"Worker 7 (PID: 23743) is running on port 3000","timestamp":"2025-03-04T10:17:42.250Z"}
{"level":"info","message":"Health check requested from worker 23739","timestamp":"2025-03-04T11:56:41.454Z"}
{"level":"info","message":"::1 - - [04/Mar/2025:11:56:41 +0000] \"GET /health HTTP/1.1\" 200 43 \"-\" \"Mozilla/5.0 (Macintosh; Intel Mac OS X 10_15_7) AppleWebKit/537.36 (KHTML, like Gecko) Chrome/133.0.0.0 Safari/537.36\"","timestamp":"2025-03-04T11:56:41.466Z"}
{"level":"info","message":"Health check requested from worker 23740","timestamp":"2025-03-04T11:56:47.965Z"}
{"level":"info","message":"::1 - - [04/Mar/2025:11:56:47 +0000] \"GET /health HTTP/1.1\" 200 43 \"-\" \"Mozilla/5.0 (Macintosh; Intel Mac OS X 10_15_7) AppleWebKit/537.36 (KHTML, like Gecko) Chrome/133.0.0.0 Safari/537.36\"","timestamp":"2025-03-04T11:56:47.973Z"}
{"level":"error","message":"Worker 5 (PID: 23741) is crashing...","timestamp":"2025-03-04T11:57:49.563Z"}
{"level":"error","message":"Worker 23741 died with code 1 and signal null. Restarting worker...","timestamp":"2025-03-04T11:57:49.568Z"}
{"level":"info","message":"Worker 9 (PID: 30108) is running on port 3000","timestamp":"2025-03-04T11:57:49.769Z"}
{"level":"error","message":"Worker 8 (PID: 23744) is crashing...","timestamp":"2025-03-04T11:57:50.595Z"}
{"level":"error","message":"Worker 23744 died with code 1 and signal null. Restarting worker...","timestamp":"2025-03-04T11:57:50.600Z"}
{"level":"error","message":"Worker 2 (PID: 23738) is crashing...","timestamp":"2025-03-04T11:57:50.607Z"}
{"level":"error","message":"Worker 23738 died with code 1 and signal null. Restarting worker...","timestamp":"2025-03-04T11:57:50.612Z"}
{"level":"error","message":"Worker 1 (PID: 23737) is crashing...","timestamp":"2025-03-04T11:57:50.625Z"}
{"level":"error","message":"Worker 23737 died with code 1 and signal null. Restarting worker...","timestamp":"2025-03-04T11:57:50.632Z"}
{"level":"info","message":"Worker 10 (PID: 30118) is running on port 3000","timestamp":"2025-03-04T11:57:50.777Z"}
{"level":"info","message":"Worker 11 (PID: 30120) is running on port 3000","timestamp":"2025-03-04T11:57:50.783Z"}
{"level":"info","message":"Worker 12 (PID: 30121) is running on port 3000","timestamp":"2025-03-04T11:57:50.800Z"}
{"level":"error","message":"Worker 7 (PID: 23743) is crashing...","timestamp":"2025-03-04T11:57:55.650Z"}
{"level":"error","message":"Worker 23743 died with code 1 and signal null. Restarting worker...","timestamp":"2025-03-04T11:57:55.654Z"}
{"level":"info","message":"Worker 13 (PID: 30149) is running on port 3000","timestamp":"2025-03-04T11:57:55.759Z"}
